ERROR - 2022-12-15 00:05:03 --> mysqli_sql_exception: Cannot add or update a child row: a foreign key constraint fails (`dbgudang`.`barang`, CONSTRAINT `barang_brgkatid_foreign` FOREIGN KEY (`brgkatid`) REFERENCES `kategori` (`katid`)) in C:\XAMPP\htdocs\PWFAkhir\InventoriLab\system\Database\MySQLi\Connection.php:292
Stack trace:
#0 C:\XAMPP\htdocs\PWFAkhir\InventoriLab\system\Database\MySQLi\Connection.php(292): mysqli->query('INSERT INTO `ba...', 0)
#1 C:\XAMPP\htdocs\PWFAkhir\InventoriLab\system\Database\BaseConnection.php(666): CodeIgniter\Database\MySQLi\Connection->execute('INSERT INTO `ba...')
#2 C:\XAMPP\htdocs\PWFAkhir\InventoriLab\system\Database\BaseConnection.php(593): CodeIgniter\Database\BaseConnection->simpleQuery('INSERT INTO `ba...')
#3 C:\XAMPP\htdocs\PWFAkhir\InventoriLab\system\Database\BaseBuilder.php(1916): CodeIgniter\Database\BaseConnection->query('INSERT INTO `ba...', Array, false)
#4 C:\XAMPP\htdocs\PWFAkhir\InventoriLab\system\Model.php(279): CodeIgniter\Database\BaseBuilder->insert()
#5 C:\XAMPP\htdocs\PWFAkhir\InventoriLab\system\BaseModel.php(749): CodeIgniter\Model->doInsert(Array)
#6 C:\XAMPP\htdocs\PWFAkhir\InventoriLab\system\Model.php(667): CodeIgniter\BaseModel->insert(Array, true)
#7 C:\XAMPP\htdocs\PWFAkhir\InventoriLab\app\Controllers\Barang.php(130): CodeIgniter\Model->insert(Array)
#8 C:\XAMPP\htdocs\PWFAkhir\InventoriLab\system\CodeIgniter.php(927): App\Controllers\Barang->simpandata()
#9 C:\XAMPP\htdocs\PWFAkhir\InventoriLab\system\CodeIgniter.php(482): CodeIgniter\CodeIgniter->runController(Object(App\Controllers\Barang))
#10 C:\XAMPP\htdocs\PWFAkhir\InventoriLab\system\CodeIgniter.php(351): CodeIgniter\CodeIgniter->handleRequest(NULL, Object(Config\Cache), false)
#11 C:\XAMPP\htdocs\PWFAkhir\InventoriLab\public\index.php(67): CodeIgniter\CodeIgniter->run()
#12 C:\XAMPP\htdocs\PWFAkhir\InventoriLab\system\Commands\Server\rewrite.php(46): require_once('C:\\XAMPP\\htdocs...')
#13 {main}
CRITICAL - 2022-12-15 00:05:03 --> Cannot add or update a child row: a foreign key constraint fails (`dbgudang`.`barang`, CONSTRAINT `barang_brgkatid_foreign` FOREIGN KEY (`brgkatid`) REFERENCES `kategori` (`katid`))
in SYSTEMPATH\Database\MySQLi\Connection.php on line 292.
 1 SYSTEMPATH\Database\MySQLi\Connection.php(292): mysqli->query('INSERT INTO `barang` (`brgkode`, `brgnama`, `brgkatid`, `brgsatid`, `brgharga`, `brgstok`, `brggambar`) VALUES (\'34252524\', \'PC20\', \'<=? $kat[\\\'katid\\\'] ?>\', \'<=? $sat[\\\'satid\\\'] ?>\', \'6\', \'7\', \'\')', 0)
 2 SYSTEMPATH\Database\BaseConnection.php(666): CodeIgniter\Database\MySQLi\Connection->execute('INSERT INTO `barang` (`brgkode`, `brgnama`, `brgkatid`, `brgsatid`, `brgharga`, `brgstok`, `brggambar`) VALUES (\'34252524\', \'PC20\', \'<=? $kat[\\\'katid\\\'] ?>\', \'<=? $sat[\\\'satid\\\'] ?>\', \'6\', \'7\', \'\')')
 3 SYSTEMPATH\Database\BaseConnection.php(593): CodeIgniter\Database\BaseConnection->simpleQuery('INSERT INTO `barang` (`brgkode`, `brgnama`, `brgkatid`, `brgsatid`, `brgharga`, `brgstok`, `brggambar`) VALUES (\'34252524\', \'PC20\', \'<=? $kat[\\\'katid\\\'] ?>\', \'<=? $sat[\\\'satid\\\'] ?>\', \'6\', \'7\', \'\')')
 4 SYSTEMPATH\Database\BaseBuilder.php(1916): CodeIgniter\Database\BaseConnection->query('INSERT INTO `barang` (`brgkode`, `brgnama`, `brgkatid`, `brgsatid`, `brgharga`, `brgstok`, `brggambar`) VALUES (:brgkode:, :brgnama:, :brgkatid:, :brgsatid:, :brgharga:, :brgstok:, :brggambar:)', [...], false)
 5 SYSTEMPATH\Model.php(279): CodeIgniter\Database\BaseBuilder->insert()
 6 SYSTEMPATH\BaseModel.php(749): CodeIgniter\Model->doInsert([...])
 7 SYSTEMPATH\Model.php(667): CodeIgniter\BaseModel->insert([...], true)
 8 APPPATH\Controllers\Barang.php(130): CodeIgniter\Model->insert([...])
 9 SYSTEMPATH\CodeIgniter.php(927): App\Controllers\Barang->simpandata()
10 SYSTEMPATH\CodeIgniter.php(482): CodeIgniter\CodeIgniter->runController(Object(App\Controllers\Barang))
11 SYSTEMPATH\CodeIgniter.php(351): CodeIgniter\CodeIgniter->handleRequest(null, Object(Config\Cache), false)
12 FCPATH\index.php(67): CodeIgniter\CodeIgniter->run()
13 SYSTEMPATH\Commands\Server\rewrite.php(46): require_once('FCPATH\\index.php')
