ERROR - 2022-12-14 02:12:44 --> mysqli_sql_exception: Cannot add or update a child row: a foreign key constraint fails (`dbgudang`.`barang`, CONSTRAINT `barang_brgkatid_foreign` FOREIGN KEY (`brgkatid`) REFERENCES `kategori` (`katid`)) in C:\XAMPP\htdocs\PWFAkhir\InventoriLab\system\Database\MySQLi\Connection.php:292
Stack trace:
#0 C:\XAMPP\htdocs\PWFAkhir\InventoriLab\system\Database\MySQLi\Connection.php(292): mysqli->query('INSERT INTO `ba...', 0)
#1 C:\XAMPP\htdocs\PWFAkhir\InventoriLab\system\Database\BaseConnection.php(666): CodeIgniter\Database\MySQLi\Connection->execute('INSERT INTO `ba...')
#2 C:\XAMPP\htdocs\PWFAkhir\InventoriLab\system\Database\BaseConnection.php(593): CodeIgniter\Database\BaseConnection->simpleQuery('INSERT INTO `ba...')
#3 C:\XAMPP\htdocs\PWFAkhir\InventoriLab\system\Database\BaseBuilder.php(1916): CodeIgniter\Database\BaseConnection->query('INSERT INTO `ba...', Array, false)
#4 C:\XAMPP\htdocs\PWFAkhir\InventoriLab\system\Model.php(279): CodeIgniter\Database\BaseBuilder->insert()
#5 C:\XAMPP\htdocs\PWFAkhir\InventoriLab\system\BaseModel.php(749): CodeIgniter\Model->doInsert(Array)
#6 C:\XAMPP\htdocs\PWFAkhir\InventoriLab\system\Model.php(667): CodeIgniter\BaseModel->insert(Array, true)
#7 C:\XAMPP\htdocs\PWFAkhir\InventoriLab\app\Controllers\Barang.php(129): CodeIgniter\Model->insert(Array)
#8 C:\XAMPP\htdocs\PWFAkhir\InventoriLab\system\CodeIgniter.php(927): App\Controllers\Barang->simpandata()
#9 C:\XAMPP\htdocs\PWFAkhir\InventoriLab\system\CodeIgniter.php(482): CodeIgniter\CodeIgniter->runController(Object(App\Controllers\Barang))
#10 C:\XAMPP\htdocs\PWFAkhir\InventoriLab\system\CodeIgniter.php(351): CodeIgniter\CodeIgniter->handleRequest(NULL, Object(Config\Cache), false)
#11 C:\XAMPP\htdocs\PWFAkhir\InventoriLab\public\index.php(67): CodeIgniter\CodeIgniter->run()
#12 C:\XAMPP\htdocs\PWFAkhir\InventoriLab\system\Commands\Server\rewrite.php(46): require_once('C:\\XAMPP\\htdocs...')
#13 {main}
CRITICAL - 2022-12-14 02:12:44 --> Cannot add or update a child row: a foreign key constraint fails (`dbgudang`.`barang`, CONSTRAINT `barang_brgkatid_foreign` FOREIGN KEY (`brgkatid`) REFERENCES `kategori` (`katid`))
in SYSTEMPATH\Database\MySQLi\Connection.php on line 292.
 1 SYSTEMPATH\Database\MySQLi\Connection.php(292): mysqli->query('INSERT INTO `barang` (`brgkode`, `brgnama`, `brgkatid`, `brgsatid`, `brgharga`, `brgstok`, `brggambar`) VALUES (\'3425252401\', \'Kabel LAN 20\', \'<=? $kat[\\\'katid\\\'] ?>\', \'<=? $sat[\\\'satid\\\'] ?>\', \'5\', \'79\', \'\')', 0)
 2 SYSTEMPATH\Database\BaseConnection.php(666): CodeIgniter\Database\MySQLi\Connection->execute('INSERT INTO `barang` (`brgkode`, `brgnama`, `brgkatid`, `brgsatid`, `brgharga`, `brgstok`, `brggambar`) VALUES (\'3425252401\', \'Kabel LAN 20\', \'<=? $kat[\\\'katid\\\'] ?>\', \'<=? $sat[\\\'satid\\\'] ?>\', \'5\', \'79\', \'\')')
 3 SYSTEMPATH\Database\BaseConnection.php(593): CodeIgniter\Database\BaseConnection->simpleQuery('INSERT INTO `barang` (`brgkode`, `brgnama`, `brgkatid`, `brgsatid`, `brgharga`, `brgstok`, `brggambar`) VALUES (\'3425252401\', \'Kabel LAN 20\', \'<=? $kat[\\\'katid\\\'] ?>\', \'<=? $sat[\\\'satid\\\'] ?>\', \'5\', \'79\', \'\')')
 4 SYSTEMPATH\Database\BaseBuilder.php(1916): CodeIgniter\Database\BaseConnection->query('INSERT INTO `barang` (`brgkode`, `brgnama`, `brgkatid`, `brgsatid`, `brgharga`, `brgstok`, `brggambar`) VALUES (:brgkode:, :brgnama:, :brgkatid:, :brgsatid:, :brgharga:, :brgstok:, :brggambar:)', [...], false)
 5 SYSTEMPATH\Model.php(279): CodeIgniter\Database\BaseBuilder->insert()
 6 SYSTEMPATH\BaseModel.php(749): CodeIgniter\Model->doInsert([...])
 7 SYSTEMPATH\Model.php(667): CodeIgniter\BaseModel->insert([...], true)
 8 APPPATH\Controllers\Barang.php(129): CodeIgniter\Model->insert([...])
 9 SYSTEMPATH\CodeIgniter.php(927): App\Controllers\Barang->simpandata()
10 SYSTEMPATH\CodeIgniter.php(482): CodeIgniter\CodeIgniter->runController(Object(App\Controllers\Barang))
11 SYSTEMPATH\CodeIgniter.php(351): CodeIgniter\CodeIgniter->handleRequest(null, Object(Config\Cache), false)
12 FCPATH\index.php(67): CodeIgniter\CodeIgniter->run()
13 SYSTEMPATH\Commands\Server\rewrite.php(46): require_once('FCPATH\\index.php')
ERROR - 2022-12-14 02:16:13 --> mysqli_sql_exception: Cannot add or update a child row: a foreign key constraint fails (`dbgudang`.`barang`, CONSTRAINT `barang_brgkatid_foreign` FOREIGN KEY (`brgkatid`) REFERENCES `kategori` (`katid`)) in C:\XAMPP\htdocs\PWFAkhir\InventoriLab\system\Database\MySQLi\Connection.php:292
Stack trace:
#0 C:\XAMPP\htdocs\PWFAkhir\InventoriLab\system\Database\MySQLi\Connection.php(292): mysqli->query('INSERT INTO `ba...', 0)
#1 C:\XAMPP\htdocs\PWFAkhir\InventoriLab\system\Database\BaseConnection.php(666): CodeIgniter\Database\MySQLi\Connection->execute('INSERT INTO `ba...')
#2 C:\XAMPP\htdocs\PWFAkhir\InventoriLab\system\Database\BaseConnection.php(593): CodeIgniter\Database\BaseConnection->simpleQuery('INSERT INTO `ba...')
#3 C:\XAMPP\htdocs\PWFAkhir\InventoriLab\system\Database\BaseBuilder.php(1916): CodeIgniter\Database\BaseConnection->query('INSERT INTO `ba...', Array, false)
#4 C:\XAMPP\htdocs\PWFAkhir\InventoriLab\system\Model.php(279): CodeIgniter\Database\BaseBuilder->insert()
#5 C:\XAMPP\htdocs\PWFAkhir\InventoriLab\system\BaseModel.php(749): CodeIgniter\Model->doInsert(Array)
#6 C:\XAMPP\htdocs\PWFAkhir\InventoriLab\system\Model.php(667): CodeIgniter\BaseModel->insert(Array, true)
#7 C:\XAMPP\htdocs\PWFAkhir\InventoriLab\app\Controllers\Barang.php(129): CodeIgniter\Model->insert(Array)
#8 C:\XAMPP\htdocs\PWFAkhir\InventoriLab\system\CodeIgniter.php(927): App\Controllers\Barang->simpandata()
#9 C:\XAMPP\htdocs\PWFAkhir\InventoriLab\system\CodeIgniter.php(482): CodeIgniter\CodeIgniter->runController(Object(App\Controllers\Barang))
#10 C:\XAMPP\htdocs\PWFAkhir\InventoriLab\system\CodeIgniter.php(351): CodeIgniter\CodeIgniter->handleRequest(NULL, Object(Config\Cache), false)
#11 C:\XAMPP\htdocs\PWFAkhir\InventoriLab\public\index.php(67): CodeIgniter\CodeIgniter->run()
#12 C:\XAMPP\htdocs\PWFAkhir\InventoriLab\system\Commands\Server\rewrite.php(46): require_once('C:\\XAMPP\\htdocs...')
#13 {main}
CRITICAL - 2022-12-14 02:16:13 --> Cannot add or update a child row: a foreign key constraint fails (`dbgudang`.`barang`, CONSTRAINT `barang_brgkatid_foreign` FOREIGN KEY (`brgkatid`) REFERENCES `kategori` (`katid`))
in SYSTEMPATH\Database\MySQLi\Connection.php on line 292.
 1 SYSTEMPATH\Database\MySQLi\Connection.php(292): mysqli->query('INSERT INTO `barang` (`brgkode`, `brgnama`, `brgkatid`, `brgsatid`, `brgharga`, `brgstok`, `brggambar`) VALUES (\'FSDF\', \'SDFSD\', \'<=? $kat[\\\'katid\\\'] ?>\', \'<=? $sat[\\\'satid\\\'] ?>\', \'2\', \'3\', \'\')', 0)
 2 SYSTEMPATH\Database\BaseConnection.php(666): CodeIgniter\Database\MySQLi\Connection->execute('INSERT INTO `barang` (`brgkode`, `brgnama`, `brgkatid`, `brgsatid`, `brgharga`, `brgstok`, `brggambar`) VALUES (\'FSDF\', \'SDFSD\', \'<=? $kat[\\\'katid\\\'] ?>\', \'<=? $sat[\\\'satid\\\'] ?>\', \'2\', \'3\', \'\')')
 3 SYSTEMPATH\Database\BaseConnection.php(593): CodeIgniter\Database\BaseConnection->simpleQuery('INSERT INTO `barang` (`brgkode`, `brgnama`, `brgkatid`, `brgsatid`, `brgharga`, `brgstok`, `brggambar`) VALUES (\'FSDF\', \'SDFSD\', \'<=? $kat[\\\'katid\\\'] ?>\', \'<=? $sat[\\\'satid\\\'] ?>\', \'2\', \'3\', \'\')')
 4 SYSTEMPATH\Database\BaseBuilder.php(1916): CodeIgniter\Database\BaseConnection->query('INSERT INTO `barang` (`brgkode`, `brgnama`, `brgkatid`, `brgsatid`, `brgharga`, `brgstok`, `brggambar`) VALUES (:brgkode:, :brgnama:, :brgkatid:, :brgsatid:, :brgharga:, :brgstok:, :brggambar:)', [...], false)
 5 SYSTEMPATH\Model.php(279): CodeIgniter\Database\BaseBuilder->insert()
 6 SYSTEMPATH\BaseModel.php(749): CodeIgniter\Model->doInsert([...])
 7 SYSTEMPATH\Model.php(667): CodeIgniter\BaseModel->insert([...], true)
 8 APPPATH\Controllers\Barang.php(129): CodeIgniter\Model->insert([...])
 9 SYSTEMPATH\CodeIgniter.php(927): App\Controllers\Barang->simpandata()
10 SYSTEMPATH\CodeIgniter.php(482): CodeIgniter\CodeIgniter->runController(Object(App\Controllers\Barang))
11 SYSTEMPATH\CodeIgniter.php(351): CodeIgniter\CodeIgniter->handleRequest(null, Object(Config\Cache), false)
12 FCPATH\index.php(67): CodeIgniter\CodeIgniter->run()
13 SYSTEMPATH\Commands\Server\rewrite.php(46): require_once('FCPATH\\index.php')
ERROR - 2022-12-14 02:21:33 --> mysqli_sql_exception: Cannot add or update a child row: a foreign key constraint fails (`dbgudang`.`barang`, CONSTRAINT `barang_brgkatid_foreign` FOREIGN KEY (`brgkatid`) REFERENCES `kategori` (`katid`)) in C:\XAMPP\htdocs\PWFAkhir\InventoriLab\system\Database\MySQLi\Connection.php:292
Stack trace:
#0 C:\XAMPP\htdocs\PWFAkhir\InventoriLab\system\Database\MySQLi\Connection.php(292): mysqli->query('INSERT INTO `ba...', 0)
#1 C:\XAMPP\htdocs\PWFAkhir\InventoriLab\system\Database\BaseConnection.php(666): CodeIgniter\Database\MySQLi\Connection->execute('INSERT INTO `ba...')
#2 C:\XAMPP\htdocs\PWFAkhir\InventoriLab\system\Database\BaseConnection.php(593): CodeIgniter\Database\BaseConnection->simpleQuery('INSERT INTO `ba...')
#3 C:\XAMPP\htdocs\PWFAkhir\InventoriLab\system\Database\BaseBuilder.php(1916): CodeIgniter\Database\BaseConnection->query('INSERT INTO `ba...', Array, false)
#4 C:\XAMPP\htdocs\PWFAkhir\InventoriLab\system\Model.php(279): CodeIgniter\Database\BaseBuilder->insert()
#5 C:\XAMPP\htdocs\PWFAkhir\InventoriLab\system\BaseModel.php(749): CodeIgniter\Model->doInsert(Array)
#6 C:\XAMPP\htdocs\PWFAkhir\InventoriLab\system\Model.php(667): CodeIgniter\BaseModel->insert(Array, true)
#7 C:\XAMPP\htdocs\PWFAkhir\InventoriLab\app\Controllers\Barang.php(129): CodeIgniter\Model->insert(Array)
#8 C:\XAMPP\htdocs\PWFAkhir\InventoriLab\system\CodeIgniter.php(927): App\Controllers\Barang->simpandata()
#9 C:\XAMPP\htdocs\PWFAkhir\InventoriLab\system\CodeIgniter.php(482): CodeIgniter\CodeIgniter->runController(Object(App\Controllers\Barang))
#10 C:\XAMPP\htdocs\PWFAkhir\InventoriLab\system\CodeIgniter.php(351): CodeIgniter\CodeIgniter->handleRequest(NULL, Object(Config\Cache), false)
#11 C:\XAMPP\htdocs\PWFAkhir\InventoriLab\public\index.php(67): CodeIgniter\CodeIgniter->run()
#12 C:\XAMPP\htdocs\PWFAkhir\InventoriLab\system\Commands\Server\rewrite.php(46): require_once('C:\\XAMPP\\htdocs...')
#13 {main}
CRITICAL - 2022-12-14 02:21:33 --> Cannot add or update a child row: a foreign key constraint fails (`dbgudang`.`barang`, CONSTRAINT `barang_brgkatid_foreign` FOREIGN KEY (`brgkatid`) REFERENCES `kategori` (`katid`))
in SYSTEMPATH\Database\MySQLi\Connection.php on line 292.
 1 SYSTEMPATH\Database\MySQLi\Connection.php(292): mysqli->query('INSERT INTO `barang` (`brgkode`, `brgnama`, `brgkatid`, `brgsatid`, `brgharga`, `brgstok`, `brggambar`) VALUES (\'FSDF\', \'SDFSD\', \'<=? $kat[\\\'katid\\\'] ?>\', \'<=? $sat[\\\'satid\\\'] ?>\', \'2\', \'3\', \'\')', 0)
 2 SYSTEMPATH\Database\BaseConnection.php(666): CodeIgniter\Database\MySQLi\Connection->execute('INSERT INTO `barang` (`brgkode`, `brgnama`, `brgkatid`, `brgsatid`, `brgharga`, `brgstok`, `brggambar`) VALUES (\'FSDF\', \'SDFSD\', \'<=? $kat[\\\'katid\\\'] ?>\', \'<=? $sat[\\\'satid\\\'] ?>\', \'2\', \'3\', \'\')')
 3 SYSTEMPATH\Database\BaseConnection.php(593): CodeIgniter\Database\BaseConnection->simpleQuery('INSERT INTO `barang` (`brgkode`, `brgnama`, `brgkatid`, `brgsatid`, `brgharga`, `brgstok`, `brggambar`) VALUES (\'FSDF\', \'SDFSD\', \'<=? $kat[\\\'katid\\\'] ?>\', \'<=? $sat[\\\'satid\\\'] ?>\', \'2\', \'3\', \'\')')
 4 SYSTEMPATH\Database\BaseBuilder.php(1916): CodeIgniter\Database\BaseConnection->query('INSERT INTO `barang` (`brgkode`, `brgnama`, `brgkatid`, `brgsatid`, `brgharga`, `brgstok`, `brggambar`) VALUES (:brgkode:, :brgnama:, :brgkatid:, :brgsatid:, :brgharga:, :brgstok:, :brggambar:)', [...], false)
 5 SYSTEMPATH\Model.php(279): CodeIgniter\Database\BaseBuilder->insert()
 6 SYSTEMPATH\BaseModel.php(749): CodeIgniter\Model->doInsert([...])
 7 SYSTEMPATH\Model.php(667): CodeIgniter\BaseModel->insert([...], true)
 8 APPPATH\Controllers\Barang.php(129): CodeIgniter\Model->insert([...])
 9 SYSTEMPATH\CodeIgniter.php(927): App\Controllers\Barang->simpandata()
10 SYSTEMPATH\CodeIgniter.php(482): CodeIgniter\CodeIgniter->runController(Object(App\Controllers\Barang))
11 SYSTEMPATH\CodeIgniter.php(351): CodeIgniter\CodeIgniter->handleRequest(null, Object(Config\Cache), false)
12 FCPATH\index.php(67): CodeIgniter\CodeIgniter->run()
13 SYSTEMPATH\Commands\Server\rewrite.php(46): require_once('FCPATH\\index.php')
ERROR - 2022-12-14 02:26:54 --> mysqli_sql_exception: Cannot add or update a child row: a foreign key constraint fails (`dbgudang`.`barang`, CONSTRAINT `barang_brgkatid_foreign` FOREIGN KEY (`brgkatid`) REFERENCES `kategori` (`katid`)) in C:\XAMPP\htdocs\PWFAkhir\InventoriLab\system\Database\MySQLi\Connection.php:292
Stack trace:
#0 C:\XAMPP\htdocs\PWFAkhir\InventoriLab\system\Database\MySQLi\Connection.php(292): mysqli->query('INSERT INTO `ba...', 0)
#1 C:\XAMPP\htdocs\PWFAkhir\InventoriLab\system\Database\BaseConnection.php(666): CodeIgniter\Database\MySQLi\Connection->execute('INSERT INTO `ba...')
#2 C:\XAMPP\htdocs\PWFAkhir\InventoriLab\system\Database\BaseConnection.php(593): CodeIgniter\Database\BaseConnection->simpleQuery('INSERT INTO `ba...')
#3 C:\XAMPP\htdocs\PWFAkhir\InventoriLab\system\Database\BaseBuilder.php(1916): CodeIgniter\Database\BaseConnection->query('INSERT INTO `ba...', Array, false)
#4 C:\XAMPP\htdocs\PWFAkhir\InventoriLab\system\Model.php(279): CodeIgniter\Database\BaseBuilder->insert()
#5 C:\XAMPP\htdocs\PWFAkhir\InventoriLab\system\BaseModel.php(749): CodeIgniter\Model->doInsert(Array)
#6 C:\XAMPP\htdocs\PWFAkhir\InventoriLab\system\Model.php(667): CodeIgniter\BaseModel->insert(Array, true)
#7 C:\XAMPP\htdocs\PWFAkhir\InventoriLab\app\Controllers\Barang.php(129): CodeIgniter\Model->insert(Array)
#8 C:\XAMPP\htdocs\PWFAkhir\InventoriLab\system\CodeIgniter.php(927): App\Controllers\Barang->simpandata()
#9 C:\XAMPP\htdocs\PWFAkhir\InventoriLab\system\CodeIgniter.php(482): CodeIgniter\CodeIgniter->runController(Object(App\Controllers\Barang))
#10 C:\XAMPP\htdocs\PWFAkhir\InventoriLab\system\CodeIgniter.php(351): CodeIgniter\CodeIgniter->handleRequest(NULL, Object(Config\Cache), false)
#11 C:\XAMPP\htdocs\PWFAkhir\InventoriLab\public\index.php(67): CodeIgniter\CodeIgniter->run()
#12 C:\XAMPP\htdocs\PWFAkhir\InventoriLab\system\Commands\Server\rewrite.php(46): require_once('C:\\XAMPP\\htdocs...')
#13 {main}
CRITICAL - 2022-12-14 02:26:54 --> Cannot add or update a child row: a foreign key constraint fails (`dbgudang`.`barang`, CONSTRAINT `barang_brgkatid_foreign` FOREIGN KEY (`brgkatid`) REFERENCES `kategori` (`katid`))
in SYSTEMPATH\Database\MySQLi\Connection.php on line 292.
 1 SYSTEMPATH\Database\MySQLi\Connection.php(292): mysqli->query('INSERT INTO `barang` (`brgkode`, `brgnama`, `brgkatid`, `brgsatid`, `brgharga`, `brgstok`, `brggambar`) VALUES (\'34252524\', \'PC20\', \'<=? $kat[\\\'katid\\\'] ?>\', \'<=? $sat[\\\'satid\\\'] ?>\', \'50000000\', \'4\', \'\')', 0)
 2 SYSTEMPATH\Database\BaseConnection.php(666): CodeIgniter\Database\MySQLi\Connection->execute('INSERT INTO `barang` (`brgkode`, `brgnama`, `brgkatid`, `brgsatid`, `brgharga`, `brgstok`, `brggambar`) VALUES (\'34252524\', \'PC20\', \'<=? $kat[\\\'katid\\\'] ?>\', \'<=? $sat[\\\'satid\\\'] ?>\', \'50000000\', \'4\', \'\')')
 3 SYSTEMPATH\Database\BaseConnection.php(593): CodeIgniter\Database\BaseConnection->simpleQuery('INSERT INTO `barang` (`brgkode`, `brgnama`, `brgkatid`, `brgsatid`, `brgharga`, `brgstok`, `brggambar`) VALUES (\'34252524\', \'PC20\', \'<=? $kat[\\\'katid\\\'] ?>\', \'<=? $sat[\\\'satid\\\'] ?>\', \'50000000\', \'4\', \'\')')
 4 SYSTEMPATH\Database\BaseBuilder.php(1916): CodeIgniter\Database\BaseConnection->query('INSERT INTO `barang` (`brgkode`, `brgnama`, `brgkatid`, `brgsatid`, `brgharga`, `brgstok`, `brggambar`) VALUES (:brgkode:, :brgnama:, :brgkatid:, :brgsatid:, :brgharga:, :brgstok:, :brggambar:)', [...], false)
 5 SYSTEMPATH\Model.php(279): CodeIgniter\Database\BaseBuilder->insert()
 6 SYSTEMPATH\BaseModel.php(749): CodeIgniter\Model->doInsert([...])
 7 SYSTEMPATH\Model.php(667): CodeIgniter\BaseModel->insert([...], true)
 8 APPPATH\Controllers\Barang.php(129): CodeIgniter\Model->insert([...])
 9 SYSTEMPATH\CodeIgniter.php(927): App\Controllers\Barang->simpandata()
10 SYSTEMPATH\CodeIgniter.php(482): CodeIgniter\CodeIgniter->runController(Object(App\Controllers\Barang))
11 SYSTEMPATH\CodeIgniter.php(351): CodeIgniter\CodeIgniter->handleRequest(null, Object(Config\Cache), false)
12 FCPATH\index.php(67): CodeIgniter\CodeIgniter->run()
13 SYSTEMPATH\Commands\Server\rewrite.php(46): require_once('FCPATH\\index.php')
ERROR - 2022-12-14 02:33:52 --> mysqli_sql_exception: Cannot add or update a child row: a foreign key constraint fails (`dbgudang`.`barang`, CONSTRAINT `barang_brgkatid_foreign` FOREIGN KEY (`brgkatid`) REFERENCES `kategori` (`katid`)) in C:\XAMPP\htdocs\PWFAkhir\InventoriLab\system\Database\MySQLi\Connection.php:292
Stack trace:
#0 C:\XAMPP\htdocs\PWFAkhir\InventoriLab\system\Database\MySQLi\Connection.php(292): mysqli->query('INSERT INTO `ba...', 0)
#1 C:\XAMPP\htdocs\PWFAkhir\InventoriLab\system\Database\BaseConnection.php(666): CodeIgniter\Database\MySQLi\Connection->execute('INSERT INTO `ba...')
#2 C:\XAMPP\htdocs\PWFAkhir\InventoriLab\system\Database\BaseConnection.php(593): CodeIgniter\Database\BaseConnection->simpleQuery('INSERT INTO `ba...')
#3 C:\XAMPP\htdocs\PWFAkhir\InventoriLab\system\Database\BaseBuilder.php(1916): CodeIgniter\Database\BaseConnection->query('INSERT INTO `ba...', Array, false)
#4 C:\XAMPP\htdocs\PWFAkhir\InventoriLab\system\Model.php(279): CodeIgniter\Database\BaseBuilder->insert()
#5 C:\XAMPP\htdocs\PWFAkhir\InventoriLab\system\BaseModel.php(749): CodeIgniter\Model->doInsert(Array)
#6 C:\XAMPP\htdocs\PWFAkhir\InventoriLab\system\Model.php(667): CodeIgniter\BaseModel->insert(Array, true)
#7 C:\XAMPP\htdocs\PWFAkhir\InventoriLab\app\Controllers\Barang.php(127): CodeIgniter\Model->insert(Array)
#8 C:\XAMPP\htdocs\PWFAkhir\InventoriLab\system\CodeIgniter.php(927): App\Controllers\Barang->simpandata()
#9 C:\XAMPP\htdocs\PWFAkhir\InventoriLab\system\CodeIgniter.php(482): CodeIgniter\CodeIgniter->runController(Object(App\Controllers\Barang))
#10 C:\XAMPP\htdocs\PWFAkhir\InventoriLab\system\CodeIgniter.php(351): CodeIgniter\CodeIgniter->handleRequest(NULL, Object(Config\Cache), false)
#11 C:\XAMPP\htdocs\PWFAkhir\InventoriLab\public\index.php(67): CodeIgniter\CodeIgniter->run()
#12 C:\XAMPP\htdocs\PWFAkhir\InventoriLab\system\Commands\Server\rewrite.php(46): require_once('C:\\XAMPP\\htdocs...')
#13 {main}
CRITICAL - 2022-12-14 02:33:52 --> Cannot add or update a child row: a foreign key constraint fails (`dbgudang`.`barang`, CONSTRAINT `barang_brgkatid_foreign` FOREIGN KEY (`brgkatid`) REFERENCES `kategori` (`katid`))
in SYSTEMPATH\Database\MySQLi\Connection.php on line 292.
 1 SYSTEMPATH\Database\MySQLi\Connection.php(292): mysqli->query('INSERT INTO `barang` (`brgkode`, `brgnama`, `brgharga`, `brgstok`, `brggambar`) VALUES (\'34252524\', \'PC20\', \'50000000\', \'4\', \'\')', 0)
 2 SYSTEMPATH\Database\BaseConnection.php(666): CodeIgniter\Database\MySQLi\Connection->execute('INSERT INTO `barang` (`brgkode`, `brgnama`, `brgharga`, `brgstok`, `brggambar`) VALUES (\'34252524\', \'PC20\', \'50000000\', \'4\', \'\')')
 3 SYSTEMPATH\Database\BaseConnection.php(593): CodeIgniter\Database\BaseConnection->simpleQuery('INSERT INTO `barang` (`brgkode`, `brgnama`, `brgharga`, `brgstok`, `brggambar`) VALUES (\'34252524\', \'PC20\', \'50000000\', \'4\', \'\')')
 4 SYSTEMPATH\Database\BaseBuilder.php(1916): CodeIgniter\Database\BaseConnection->query('INSERT INTO `barang` (`brgkode`, `brgnama`, `brgharga`, `brgstok`, `brggambar`) VALUES (:brgkode:, :brgnama:, :brgharga:, :brgstok:, :brggambar:)', [...], false)
 5 SYSTEMPATH\Model.php(279): CodeIgniter\Database\BaseBuilder->insert()
 6 SYSTEMPATH\BaseModel.php(749): CodeIgniter\Model->doInsert([...])
 7 SYSTEMPATH\Model.php(667): CodeIgniter\BaseModel->insert([...], true)
 8 APPPATH\Controllers\Barang.php(127): CodeIgniter\Model->insert([...])
 9 SYSTEMPATH\CodeIgniter.php(927): App\Controllers\Barang->simpandata()
10 SYSTEMPATH\CodeIgniter.php(482): CodeIgniter\CodeIgniter->runController(Object(App\Controllers\Barang))
11 SYSTEMPATH\CodeIgniter.php(351): CodeIgniter\CodeIgniter->handleRequest(null, Object(Config\Cache), false)
12 FCPATH\index.php(67): CodeIgniter\CodeIgniter->run()
13 SYSTEMPATH\Commands\Server\rewrite.php(46): require_once('FCPATH\\index.php')
ERROR - 2022-12-14 04:14:55 --> mysqli_sql_exception: Cannot add or update a child row: a foreign key constraint fails (`dbgudang`.`barang`, CONSTRAINT `barang_brgkatid_foreign` FOREIGN KEY (`brgkatid`) REFERENCES `kategori` (`katid`)) in C:\XAMPP\htdocs\PWFAkhir\InventoriLab\system\Database\MySQLi\Connection.php:292
Stack trace:
#0 C:\XAMPP\htdocs\PWFAkhir\InventoriLab\system\Database\MySQLi\Connection.php(292): mysqli->query('INSERT INTO `ba...', 0)
#1 C:\XAMPP\htdocs\PWFAkhir\InventoriLab\system\Database\BaseConnection.php(666): CodeIgniter\Database\MySQLi\Connection->execute('INSERT INTO `ba...')
#2 C:\XAMPP\htdocs\PWFAkhir\InventoriLab\system\Database\BaseConnection.php(593): CodeIgniter\Database\BaseConnection->simpleQuery('INSERT INTO `ba...')
#3 C:\XAMPP\htdocs\PWFAkhir\InventoriLab\system\Database\BaseBuilder.php(1916): CodeIgniter\Database\BaseConnection->query('INSERT INTO `ba...', Array, false)
#4 C:\XAMPP\htdocs\PWFAkhir\InventoriLab\system\Model.php(279): CodeIgniter\Database\BaseBuilder->insert()
#5 C:\XAMPP\htdocs\PWFAkhir\InventoriLab\system\BaseModel.php(749): CodeIgniter\Model->doInsert(Array)
#6 C:\XAMPP\htdocs\PWFAkhir\InventoriLab\system\Model.php(667): CodeIgniter\BaseModel->insert(Array, true)
#7 C:\XAMPP\htdocs\PWFAkhir\InventoriLab\app\Controllers\Barang.php(129): CodeIgniter\Model->insert(Array)
#8 C:\XAMPP\htdocs\PWFAkhir\InventoriLab\system\CodeIgniter.php(927): App\Controllers\Barang->simpandata()
#9 C:\XAMPP\htdocs\PWFAkhir\InventoriLab\system\CodeIgniter.php(482): CodeIgniter\CodeIgniter->runController(Object(App\Controllers\Barang))
#10 C:\XAMPP\htdocs\PWFAkhir\InventoriLab\system\CodeIgniter.php(351): CodeIgniter\CodeIgniter->handleRequest(NULL, Object(Config\Cache), false)
#11 C:\XAMPP\htdocs\PWFAkhir\InventoriLab\public\index.php(67): CodeIgniter\CodeIgniter->run()
#12 C:\XAMPP\htdocs\PWFAkhir\InventoriLab\system\Commands\Server\rewrite.php(46): require_once('C:\\XAMPP\\htdocs...')
#13 {main}
CRITICAL - 2022-12-14 04:14:55 --> Cannot add or update a child row: a foreign key constraint fails (`dbgudang`.`barang`, CONSTRAINT `barang_brgkatid_foreign` FOREIGN KEY (`brgkatid`) REFERENCES `kategori` (`katid`))
in SYSTEMPATH\Database\MySQLi\Connection.php on line 292.
 1 SYSTEMPATH\Database\MySQLi\Connection.php(292): mysqli->query('INSERT INTO `barang` (`brgkode`, `brgnama`, `brgkatid`, `brgsatid`, `brgharga`, `brgstok`, `brggambar`) VALUES (\'34252524\', \'PC20\', \'<=? $kat[\\\'katid\\\'] ?>\', \'<=? $sat[\\\'satid\\\'] ?>\', \'50000000\', \'4\', \'\')', 0)
 2 SYSTEMPATH\Database\BaseConnection.php(666): CodeIgniter\Database\MySQLi\Connection->execute('INSERT INTO `barang` (`brgkode`, `brgnama`, `brgkatid`, `brgsatid`, `brgharga`, `brgstok`, `brggambar`) VALUES (\'34252524\', \'PC20\', \'<=? $kat[\\\'katid\\\'] ?>\', \'<=? $sat[\\\'satid\\\'] ?>\', \'50000000\', \'4\', \'\')')
 3 SYSTEMPATH\Database\BaseConnection.php(593): CodeIgniter\Database\BaseConnection->simpleQuery('INSERT INTO `barang` (`brgkode`, `brgnama`, `brgkatid`, `brgsatid`, `brgharga`, `brgstok`, `brggambar`) VALUES (\'34252524\', \'PC20\', \'<=? $kat[\\\'katid\\\'] ?>\', \'<=? $sat[\\\'satid\\\'] ?>\', \'50000000\', \'4\', \'\')')
 4 SYSTEMPATH\Database\BaseBuilder.php(1916): CodeIgniter\Database\BaseConnection->query('INSERT INTO `barang` (`brgkode`, `brgnama`, `brgkatid`, `brgsatid`, `brgharga`, `brgstok`, `brggambar`) VALUES (:brgkode:, :brgnama:, :brgkatid:, :brgsatid:, :brgharga:, :brgstok:, :brggambar:)', [...], false)
 5 SYSTEMPATH\Model.php(279): CodeIgniter\Database\BaseBuilder->insert()
 6 SYSTEMPATH\BaseModel.php(749): CodeIgniter\Model->doInsert([...])
 7 SYSTEMPATH\Model.php(667): CodeIgniter\BaseModel->insert([...], true)
 8 APPPATH\Controllers\Barang.php(129): CodeIgniter\Model->insert([...])
 9 SYSTEMPATH\CodeIgniter.php(927): App\Controllers\Barang->simpandata()
10 SYSTEMPATH\CodeIgniter.php(482): CodeIgniter\CodeIgniter->runController(Object(App\Controllers\Barang))
11 SYSTEMPATH\CodeIgniter.php(351): CodeIgniter\CodeIgniter->handleRequest(null, Object(Config\Cache), false)
12 FCPATH\index.php(67): CodeIgniter\CodeIgniter->run()
13 SYSTEMPATH\Commands\Server\rewrite.php(46): require_once('FCPATH\\index.php')
ERROR - 2022-12-14 04:21:31 --> mysqli_sql_exception: Cannot delete or update a parent row: a foreign key constraint fails (`dbgudang`.`barang`, CONSTRAINT `barang_brgkatid_foreign` FOREIGN KEY (`brgkatid`) REFERENCES `kategori` (`katid`)) in C:\XAMPP\htdocs\PWFAkhir\InventoriLab\system\Database\MySQLi\Connection.php:292
Stack trace:
#0 C:\XAMPP\htdocs\PWFAkhir\InventoriLab\system\Database\MySQLi\Connection.php(292): mysqli->query('DELETE FROM `ka...', 0)
#1 C:\XAMPP\htdocs\PWFAkhir\InventoriLab\system\Database\BaseConnection.php(666): CodeIgniter\Database\MySQLi\Connection->execute('DELETE FROM `ka...')
#2 C:\XAMPP\htdocs\PWFAkhir\InventoriLab\system\Database\BaseConnection.php(593): CodeIgniter\Database\BaseConnection->simpleQuery('DELETE FROM `ka...')
#3 C:\XAMPP\htdocs\PWFAkhir\InventoriLab\system\Database\BaseBuilder.php(2391): CodeIgniter\Database\BaseConnection->query('DELETE FROM `ka...', Array, false)
#4 C:\XAMPP\htdocs\PWFAkhir\InventoriLab\system\Model.php(401): CodeIgniter\Database\BaseBuilder->delete()
#5 C:\XAMPP\htdocs\PWFAkhir\InventoriLab\system\BaseModel.php(984): CodeIgniter\Model->doDelete(Array, false)
#6 C:\XAMPP\htdocs\PWFAkhir\InventoriLab\app\Controllers\Kategori.php(134): CodeIgniter\BaseModel->delete(Array)
#7 C:\XAMPP\htdocs\PWFAkhir\InventoriLab\system\CodeIgniter.php(927): App\Controllers\Kategori->hapus('3')
#8 C:\XAMPP\htdocs\PWFAkhir\InventoriLab\system\CodeIgniter.php(482): CodeIgniter\CodeIgniter->runController(Object(App\Controllers\Kategori))
#9 C:\XAMPP\htdocs\PWFAkhir\InventoriLab\system\CodeIgniter.php(351): CodeIgniter\CodeIgniter->handleRequest(NULL, Object(Config\Cache), false)
#10 C:\XAMPP\htdocs\PWFAkhir\InventoriLab\public\index.php(67): CodeIgniter\CodeIgniter->run()
#11 C:\XAMPP\htdocs\PWFAkhir\InventoriLab\system\Commands\Server\rewrite.php(46): require_once('C:\\XAMPP\\htdocs...')
#12 {main}
CRITICAL - 2022-12-14 04:21:31 --> Cannot delete or update a parent row: a foreign key constraint fails (`dbgudang`.`barang`, CONSTRAINT `barang_brgkatid_foreign` FOREIGN KEY (`brgkatid`) REFERENCES `kategori` (`katid`))
in SYSTEMPATH\Database\MySQLi\Connection.php on line 292.
 1 SYSTEMPATH\Database\MySQLi\Connection.php(292): mysqli->query('DELETE FROM `kategori`
WHERE `katid` IN (\'3\')', 0)
 2 SYSTEMPATH\Database\BaseConnection.php(666): CodeIgniter\Database\MySQLi\Connection->execute('DELETE FROM `kategori`
WHERE `katid` IN (\'3\')')
 3 SYSTEMPATH\Database\BaseConnection.php(593): CodeIgniter\Database\BaseConnection->simpleQuery('DELETE FROM `kategori`
WHERE `katid` IN (\'3\')')
 4 SYSTEMPATH\Database\BaseBuilder.php(2391): CodeIgniter\Database\BaseConnection->query('DELETE FROM `kategori`
WHERE `katid` IN :katid:', [...], false)
 5 SYSTEMPATH\Model.php(401): CodeIgniter\Database\BaseBuilder->delete()
 6 SYSTEMPATH\BaseModel.php(984): CodeIgniter\Model->doDelete([...], false)
 7 APPPATH\Controllers\Kategori.php(134): CodeIgniter\BaseModel->delete([...])
 8 SYSTEMPATH\CodeIgniter.php(927): App\Controllers\Kategori->hapus('3')
 9 SYSTEMPATH\CodeIgniter.php(482): CodeIgniter\CodeIgniter->runController(Object(App\Controllers\Kategori))
10 SYSTEMPATH\CodeIgniter.php(351): CodeIgniter\CodeIgniter->handleRequest(null, Object(Config\Cache), false)
11 FCPATH\index.php(67): CodeIgniter\CodeIgniter->run()
12 SYSTEMPATH\Commands\Server\rewrite.php(46): require_once('FCPATH\\index.php')
ERROR - 2022-12-14 04:29:03 --> mysqli_sql_exception: Cannot delete or update a parent row: a foreign key constraint fails (`dbgudang`.`barang`, CONSTRAINT `barang_brgkatid_foreign` FOREIGN KEY (`brgkatid`) REFERENCES `kategori` (`katid`)) in C:\XAMPP\htdocs\PWFAkhir\InventoriLab\system\Database\MySQLi\Connection.php:292
Stack trace:
#0 C:\XAMPP\htdocs\PWFAkhir\InventoriLab\system\Database\MySQLi\Connection.php(292): mysqli->query('DELETE FROM `ka...', 0)
#1 C:\XAMPP\htdocs\PWFAkhir\InventoriLab\system\Database\BaseConnection.php(666): CodeIgniter\Database\MySQLi\Connection->execute('DELETE FROM `ka...')
#2 C:\XAMPP\htdocs\PWFAkhir\InventoriLab\system\Database\BaseConnection.php(593): CodeIgniter\Database\BaseConnection->simpleQuery('DELETE FROM `ka...')
#3 C:\XAMPP\htdocs\PWFAkhir\InventoriLab\system\Database\BaseBuilder.php(2391): CodeIgniter\Database\BaseConnection->query('DELETE FROM `ka...', Array, false)
#4 C:\XAMPP\htdocs\PWFAkhir\InventoriLab\system\Model.php(401): CodeIgniter\Database\BaseBuilder->delete()
#5 C:\XAMPP\htdocs\PWFAkhir\InventoriLab\system\BaseModel.php(984): CodeIgniter\Model->doDelete(Array, false)
#6 C:\XAMPP\htdocs\PWFAkhir\InventoriLab\app\Controllers\Kategori.php(134): CodeIgniter\BaseModel->delete(Array)
#7 C:\XAMPP\htdocs\PWFAkhir\InventoriLab\system\CodeIgniter.php(927): App\Controllers\Kategori->hapus('3')
#8 C:\XAMPP\htdocs\PWFAkhir\InventoriLab\system\CodeIgniter.php(482): CodeIgniter\CodeIgniter->runController(Object(App\Controllers\Kategori))
#9 C:\XAMPP\htdocs\PWFAkhir\InventoriLab\system\CodeIgniter.php(351): CodeIgniter\CodeIgniter->handleRequest(NULL, Object(Config\Cache), false)
#10 C:\XAMPP\htdocs\PWFAkhir\InventoriLab\public\index.php(67): CodeIgniter\CodeIgniter->run()
#11 C:\XAMPP\htdocs\PWFAkhir\InventoriLab\system\Commands\Server\rewrite.php(46): require_once('C:\\XAMPP\\htdocs...')
#12 {main}
CRITICAL - 2022-12-14 04:29:03 --> Cannot delete or update a parent row: a foreign key constraint fails (`dbgudang`.`barang`, CONSTRAINT `barang_brgkatid_foreign` FOREIGN KEY (`brgkatid`) REFERENCES `kategori` (`katid`))
in SYSTEMPATH\Database\MySQLi\Connection.php on line 292.
 1 SYSTEMPATH\Database\MySQLi\Connection.php(292): mysqli->query('DELETE FROM `kategori`
WHERE `katid` IN (\'3\')', 0)
 2 SYSTEMPATH\Database\BaseConnection.php(666): CodeIgniter\Database\MySQLi\Connection->execute('DELETE FROM `kategori`
WHERE `katid` IN (\'3\')')
 3 SYSTEMPATH\Database\BaseConnection.php(593): CodeIgniter\Database\BaseConnection->simpleQuery('DELETE FROM `kategori`
WHERE `katid` IN (\'3\')')
 4 SYSTEMPATH\Database\BaseBuilder.php(2391): CodeIgniter\Database\BaseConnection->query('DELETE FROM `kategori`
WHERE `katid` IN :katid:', [...], false)
 5 SYSTEMPATH\Model.php(401): CodeIgniter\Database\BaseBuilder->delete()
 6 SYSTEMPATH\BaseModel.php(984): CodeIgniter\Model->doDelete([...], false)
 7 APPPATH\Controllers\Kategori.php(134): CodeIgniter\BaseModel->delete([...])
 8 SYSTEMPATH\CodeIgniter.php(927): App\Controllers\Kategori->hapus('3')
 9 SYSTEMPATH\CodeIgniter.php(482): CodeIgniter\CodeIgniter->runController(Object(App\Controllers\Kategori))
10 SYSTEMPATH\CodeIgniter.php(351): CodeIgniter\CodeIgniter->handleRequest(null, Object(Config\Cache), false)
11 FCPATH\index.php(67): CodeIgniter\CodeIgniter->run()
12 SYSTEMPATH\Commands\Server\rewrite.php(46): require_once('FCPATH\\index.php')
ERROR - 2022-12-14 04:35:24 --> mysqli_sql_exception: Cannot delete or update a parent row: a foreign key constraint fails (`dbgudang`.`barang`, CONSTRAINT `barang_brgkatid_foreign` FOREIGN KEY (`brgkatid`) REFERENCES `kategori` (`katid`)) in C:\XAMPP\htdocs\PWFAkhir\InventoriLab\system\Database\MySQLi\Connection.php:292
Stack trace:
#0 C:\XAMPP\htdocs\PWFAkhir\InventoriLab\system\Database\MySQLi\Connection.php(292): mysqli->query('DELETE FROM `ka...', 0)
#1 C:\XAMPP\htdocs\PWFAkhir\InventoriLab\system\Database\BaseConnection.php(666): CodeIgniter\Database\MySQLi\Connection->execute('DELETE FROM `ka...')
#2 C:\XAMPP\htdocs\PWFAkhir\InventoriLab\system\Database\BaseConnection.php(593): CodeIgniter\Database\BaseConnection->simpleQuery('DELETE FROM `ka...')
#3 C:\XAMPP\htdocs\PWFAkhir\InventoriLab\system\Database\BaseBuilder.php(2391): CodeIgniter\Database\BaseConnection->query('DELETE FROM `ka...', Array, false)
#4 C:\XAMPP\htdocs\PWFAkhir\InventoriLab\system\Model.php(401): CodeIgniter\Database\BaseBuilder->delete()
#5 C:\XAMPP\htdocs\PWFAkhir\InventoriLab\system\BaseModel.php(984): CodeIgniter\Model->doDelete(Array, false)
#6 C:\XAMPP\htdocs\PWFAkhir\InventoriLab\app\Controllers\Kategori.php(134): CodeIgniter\BaseModel->delete(Array)
#7 C:\XAMPP\htdocs\PWFAkhir\InventoriLab\system\CodeIgniter.php(927): App\Controllers\Kategori->hapus(Array)
#8 C:\XAMPP\htdocs\PWFAkhir\InventoriLab\system\CodeIgniter.php(482): CodeIgniter\CodeIgniter->runController(Object(App\Controllers\Kategori))
#9 C:\XAMPP\htdocs\PWFAkhir\InventoriLab\system\CodeIgniter.php(351): CodeIgniter\CodeIgniter->handleRequest(NULL, Object(Config\Cache), false)
#10 C:\XAMPP\htdocs\PWFAkhir\InventoriLab\public\index.php(67): CodeIgniter\CodeIgniter->run()
#11 C:\XAMPP\htdocs\PWFAkhir\InventoriLab\system\Commands\Server\rewrite.php(46): require_once('C:\\XAMPP\\htdocs...')
#12 {main}
CRITICAL - 2022-12-14 04:35:24 --> Cannot delete or update a parent row: a foreign key constraint fails (`dbgudang`.`barang`, CONSTRAINT `barang_brgkatid_foreign` FOREIGN KEY (`brgkatid`) REFERENCES `kategori` (`katid`))
in SYSTEMPATH\Database\MySQLi\Connection.php on line 292.
 1 SYSTEMPATH\Database\MySQLi\Connection.php(292): mysqli->query('DELETE FROM `kategori`
WHERE `katid` IN (\'3\',\'COMPUTER\')', 0)
 2 SYSTEMPATH\Database\BaseConnection.php(666): CodeIgniter\Database\MySQLi\Connection->execute('DELETE FROM `kategori`
WHERE `katid` IN (\'3\',\'COMPUTER\')')
 3 SYSTEMPATH\Database\BaseConnection.php(593): CodeIgniter\Database\BaseConnection->simpleQuery('DELETE FROM `kategori`
WHERE `katid` IN (\'3\',\'COMPUTER\')')
 4 SYSTEMPATH\Database\BaseBuilder.php(2391): CodeIgniter\Database\BaseConnection->query('DELETE FROM `kategori`
WHERE `katid` IN :katid:', [...], false)
 5 SYSTEMPATH\Model.php(401): CodeIgniter\Database\BaseBuilder->delete()
 6 SYSTEMPATH\BaseModel.php(984): CodeIgniter\Model->doDelete([...], false)
 7 APPPATH\Controllers\Kategori.php(134): CodeIgniter\BaseModel->delete([...])
 8 SYSTEMPATH\CodeIgniter.php(927): App\Controllers\Kategori->hapus([...])
 9 SYSTEMPATH\CodeIgniter.php(482): CodeIgniter\CodeIgniter->runController(Object(App\Controllers\Kategori))
10 SYSTEMPATH\CodeIgniter.php(351): CodeIgniter\CodeIgniter->handleRequest(null, Object(Config\Cache), false)
11 FCPATH\index.php(67): CodeIgniter\CodeIgniter->run()
12 SYSTEMPATH\Commands\Server\rewrite.php(46): require_once('FCPATH\\index.php')
ERROR - 2022-12-14 04:44:56 --> mysqli_sql_exception: Cannot delete or update a parent row: a foreign key constraint fails (`dbgudang`.`barang`, CONSTRAINT `barang_brgkatid_foreign` FOREIGN KEY (`brgkatid`) REFERENCES `kategori` (`katid`)) in C:\XAMPP\htdocs\PWFAkhir\InventoriLab\system\Database\MySQLi\Connection.php:292
Stack trace:
#0 C:\XAMPP\htdocs\PWFAkhir\InventoriLab\system\Database\MySQLi\Connection.php(292): mysqli->query('DELETE FROM `ka...', 0)
#1 C:\XAMPP\htdocs\PWFAkhir\InventoriLab\system\Database\BaseConnection.php(666): CodeIgniter\Database\MySQLi\Connection->execute('DELETE FROM `ka...')
#2 C:\XAMPP\htdocs\PWFAkhir\InventoriLab\system\Database\BaseConnection.php(593): CodeIgniter\Database\BaseConnection->simpleQuery('DELETE FROM `ka...')
#3 C:\XAMPP\htdocs\PWFAkhir\InventoriLab\system\Database\BaseBuilder.php(2391): CodeIgniter\Database\BaseConnection->query('DELETE FROM `ka...', Array, false)
#4 C:\XAMPP\htdocs\PWFAkhir\InventoriLab\system\Model.php(401): CodeIgniter\Database\BaseBuilder->delete()
#5 C:\XAMPP\htdocs\PWFAkhir\InventoriLab\system\BaseModel.php(984): CodeIgniter\Model->doDelete(Array, false)
#6 C:\XAMPP\htdocs\PWFAkhir\InventoriLab\app\Controllers\Kategori.php(134): CodeIgniter\BaseModel->delete(Array)
#7 C:\XAMPP\htdocs\PWFAkhir\InventoriLab\system\CodeIgniter.php(927): App\Controllers\Kategori->hapus(Array)
#8 C:\XAMPP\htdocs\PWFAkhir\InventoriLab\system\CodeIgniter.php(482): CodeIgniter\CodeIgniter->runController(Object(App\Controllers\Kategori))
#9 C:\XAMPP\htdocs\PWFAkhir\InventoriLab\system\CodeIgniter.php(351): CodeIgniter\CodeIgniter->handleRequest(NULL, Object(Config\Cache), false)
#10 C:\XAMPP\htdocs\PWFAkhir\InventoriLab\public\index.php(67): CodeIgniter\CodeIgniter->run()
#11 C:\XAMPP\htdocs\PWFAkhir\InventoriLab\system\Commands\Server\rewrite.php(46): require_once('C:\\XAMPP\\htdocs...')
#12 {main}
CRITICAL - 2022-12-14 04:44:56 --> Cannot delete or update a parent row: a foreign key constraint fails (`dbgudang`.`barang`, CONSTRAINT `barang_brgkatid_foreign` FOREIGN KEY (`brgkatid`) REFERENCES `kategori` (`katid`))
in SYSTEMPATH\Database\MySQLi\Connection.php on line 292.
 1 SYSTEMPATH\Database\MySQLi\Connection.php(292): mysqli->query('DELETE FROM `kategori`
WHERE `katid` IN (\'3\',\'COMPUTER\')', 0)
 2 SYSTEMPATH\Database\BaseConnection.php(666): CodeIgniter\Database\MySQLi\Connection->execute('DELETE FROM `kategori`
WHERE `katid` IN (\'3\',\'COMPUTER\')')
 3 SYSTEMPATH\Database\BaseConnection.php(593): CodeIgniter\Database\BaseConnection->simpleQuery('DELETE FROM `kategori`
WHERE `katid` IN (\'3\',\'COMPUTER\')')
 4 SYSTEMPATH\Database\BaseBuilder.php(2391): CodeIgniter\Database\BaseConnection->query('DELETE FROM `kategori`
WHERE `katid` IN :katid:', [...], false)
 5 SYSTEMPATH\Model.php(401): CodeIgniter\Database\BaseBuilder->delete()
 6 SYSTEMPATH\BaseModel.php(984): CodeIgniter\Model->doDelete([...], false)
 7 APPPATH\Controllers\Kategori.php(134): CodeIgniter\BaseModel->delete([...])
 8 SYSTEMPATH\CodeIgniter.php(927): App\Controllers\Kategori->hapus([...])
 9 SYSTEMPATH\CodeIgniter.php(482): CodeIgniter\CodeIgniter->runController(Object(App\Controllers\Kategori))
10 SYSTEMPATH\CodeIgniter.php(351): CodeIgniter\CodeIgniter->handleRequest(null, Object(Config\Cache), false)
11 FCPATH\index.php(67): CodeIgniter\CodeIgniter->run()
12 SYSTEMPATH\Commands\Server\rewrite.php(46): require_once('FCPATH\\index.php')
ERROR - 2022-12-14 04:45:27 --> mysqli_sql_exception: Cannot add or update a child row: a foreign key constraint fails (`dbgudang`.`barang`, CONSTRAINT `barang_brgkatid_foreign` FOREIGN KEY (`brgkatid`) REFERENCES `kategori` (`katid`)) in C:\XAMPP\htdocs\PWFAkhir\InventoriLab\system\Database\MySQLi\Connection.php:292
Stack trace:
#0 C:\XAMPP\htdocs\PWFAkhir\InventoriLab\system\Database\MySQLi\Connection.php(292): mysqli->query('INSERT INTO `ba...', 0)
#1 C:\XAMPP\htdocs\PWFAkhir\InventoriLab\system\Database\BaseConnection.php(666): CodeIgniter\Database\MySQLi\Connection->execute('INSERT INTO `ba...')
#2 C:\XAMPP\htdocs\PWFAkhir\InventoriLab\system\Database\BaseConnection.php(593): CodeIgniter\Database\BaseConnection->simpleQuery('INSERT INTO `ba...')
#3 C:\XAMPP\htdocs\PWFAkhir\InventoriLab\system\Database\BaseBuilder.php(1916): CodeIgniter\Database\BaseConnection->query('INSERT INTO `ba...', Array, false)
#4 C:\XAMPP\htdocs\PWFAkhir\InventoriLab\system\Model.php(279): CodeIgniter\Database\BaseBuilder->insert()
#5 C:\XAMPP\htdocs\PWFAkhir\InventoriLab\system\BaseModel.php(749): CodeIgniter\Model->doInsert(Array)
#6 C:\XAMPP\htdocs\PWFAkhir\InventoriLab\system\Model.php(667): CodeIgniter\BaseModel->insert(Array, true)
#7 C:\XAMPP\htdocs\PWFAkhir\InventoriLab\app\Controllers\Barang.php(129): CodeIgniter\Model->insert(Array)
#8 C:\XAMPP\htdocs\PWFAkhir\InventoriLab\system\CodeIgniter.php(927): App\Controllers\Barang->simpandata()
#9 C:\XAMPP\htdocs\PWFAkhir\InventoriLab\system\CodeIgniter.php(482): CodeIgniter\CodeIgniter->runController(Object(App\Controllers\Barang))
#10 C:\XAMPP\htdocs\PWFAkhir\InventoriLab\system\CodeIgniter.php(351): CodeIgniter\CodeIgniter->handleRequest(NULL, Object(Config\Cache), false)
#11 C:\XAMPP\htdocs\PWFAkhir\InventoriLab\public\index.php(67): CodeIgniter\CodeIgniter->run()
#12 C:\XAMPP\htdocs\PWFAkhir\InventoriLab\system\Commands\Server\rewrite.php(46): require_once('C:\\XAMPP\\htdocs...')
#13 {main}
CRITICAL - 2022-12-14 04:45:27 --> Cannot add or update a child row: a foreign key constraint fails (`dbgudang`.`barang`, CONSTRAINT `barang_brgkatid_foreign` FOREIGN KEY (`brgkatid`) REFERENCES `kategori` (`katid`))
in SYSTEMPATH\Database\MySQLi\Connection.php on line 292.
 1 SYSTEMPATH\Database\MySQLi\Connection.php(292): mysqli->query('INSERT INTO `barang` (`brgkode`, `brgnama`, `brgkatid`, `brgsatid`, `brgharga`, `brgstok`, `brggambar`) VALUES (\'790\', \'Kabel LAN 20\', \'<=? $kat[\\\'katid\\\'] ?>\', \'<=? $sat[\\\'satid\\\'] ?>\', \'90000\', \'8\', \'\')', 0)
 2 SYSTEMPATH\Database\BaseConnection.php(666): CodeIgniter\Database\MySQLi\Connection->execute('INSERT INTO `barang` (`brgkode`, `brgnama`, `brgkatid`, `brgsatid`, `brgharga`, `brgstok`, `brggambar`) VALUES (\'790\', \'Kabel LAN 20\', \'<=? $kat[\\\'katid\\\'] ?>\', \'<=? $sat[\\\'satid\\\'] ?>\', \'90000\', \'8\', \'\')')
 3 SYSTEMPATH\Database\BaseConnection.php(593): CodeIgniter\Database\BaseConnection->simpleQuery('INSERT INTO `barang` (`brgkode`, `brgnama`, `brgkatid`, `brgsatid`, `brgharga`, `brgstok`, `brggambar`) VALUES (\'790\', \'Kabel LAN 20\', \'<=? $kat[\\\'katid\\\'] ?>\', \'<=? $sat[\\\'satid\\\'] ?>\', \'90000\', \'8\', \'\')')
 4 SYSTEMPATH\Database\BaseBuilder.php(1916): CodeIgniter\Database\BaseConnection->query('INSERT INTO `barang` (`brgkode`, `brgnama`, `brgkatid`, `brgsatid`, `brgharga`, `brgstok`, `brggambar`) VALUES (:brgkode:, :brgnama:, :brgkatid:, :brgsatid:, :brgharga:, :brgstok:, :brggambar:)', [...], false)
 5 SYSTEMPATH\Model.php(279): CodeIgniter\Database\BaseBuilder->insert()
 6 SYSTEMPATH\BaseModel.php(749): CodeIgniter\Model->doInsert([...])
 7 SYSTEMPATH\Model.php(667): CodeIgniter\BaseModel->insert([...], true)
 8 APPPATH\Controllers\Barang.php(129): CodeIgniter\Model->insert([...])
 9 SYSTEMPATH\CodeIgniter.php(927): App\Controllers\Barang->simpandata()
10 SYSTEMPATH\CodeIgniter.php(482): CodeIgniter\CodeIgniter->runController(Object(App\Controllers\Barang))
11 SYSTEMPATH\CodeIgniter.php(351): CodeIgniter\CodeIgniter->handleRequest(null, Object(Config\Cache), false)
12 FCPATH\index.php(67): CodeIgniter\CodeIgniter->run()
13 SYSTEMPATH\Commands\Server\rewrite.php(46): require_once('FCPATH\\index.php')
ERROR - 2022-12-14 04:47:35 --> mysqli_sql_exception: Cannot add or update a child row: a foreign key constraint fails (`dbgudang`.`barang`, CONSTRAINT `barang_brgkatid_foreign` FOREIGN KEY (`brgkatid`) REFERENCES `kategori` (`katid`)) in C:\XAMPP\htdocs\PWFAkhir\InventoriLab\system\Database\MySQLi\Connection.php:292
Stack trace:
#0 C:\XAMPP\htdocs\PWFAkhir\InventoriLab\system\Database\MySQLi\Connection.php(292): mysqli->query('INSERT INTO `ba...', 0)
#1 C:\XAMPP\htdocs\PWFAkhir\InventoriLab\system\Database\BaseConnection.php(666): CodeIgniter\Database\MySQLi\Connection->execute('INSERT INTO `ba...')
#2 C:\XAMPP\htdocs\PWFAkhir\InventoriLab\system\Database\BaseConnection.php(593): CodeIgniter\Database\BaseConnection->simpleQuery('INSERT INTO `ba...')
#3 C:\XAMPP\htdocs\PWFAkhir\InventoriLab\system\Database\BaseBuilder.php(1916): CodeIgniter\Database\BaseConnection->query('INSERT INTO `ba...', Array, false)
#4 C:\XAMPP\htdocs\PWFAkhir\InventoriLab\system\Model.php(279): CodeIgniter\Database\BaseBuilder->insert()
#5 C:\XAMPP\htdocs\PWFAkhir\InventoriLab\system\BaseModel.php(749): CodeIgniter\Model->doInsert(Array)
#6 C:\XAMPP\htdocs\PWFAkhir\InventoriLab\system\Model.php(667): CodeIgniter\BaseModel->insert(Array, true)
#7 C:\XAMPP\htdocs\PWFAkhir\InventoriLab\app\Controllers\Barang.php(129): CodeIgniter\Model->insert(Array)
#8 C:\XAMPP\htdocs\PWFAkhir\InventoriLab\system\CodeIgniter.php(927): App\Controllers\Barang->simpandata()
#9 C:\XAMPP\htdocs\PWFAkhir\InventoriLab\system\CodeIgniter.php(482): CodeIgniter\CodeIgniter->runController(Object(App\Controllers\Barang))
#10 C:\XAMPP\htdocs\PWFAkhir\InventoriLab\system\CodeIgniter.php(351): CodeIgniter\CodeIgniter->handleRequest(NULL, Object(Config\Cache), false)
#11 C:\XAMPP\htdocs\PWFAkhir\InventoriLab\public\index.php(67): CodeIgniter\CodeIgniter->run()
#12 C:\XAMPP\htdocs\PWFAkhir\InventoriLab\system\Commands\Server\rewrite.php(46): require_once('C:\\XAMPP\\htdocs...')
#13 {main}
CRITICAL - 2022-12-14 04:47:35 --> Cannot add or update a child row: a foreign key constraint fails (`dbgudang`.`barang`, CONSTRAINT `barang_brgkatid_foreign` FOREIGN KEY (`brgkatid`) REFERENCES `kategori` (`katid`))
in SYSTEMPATH\Database\MySQLi\Connection.php on line 292.
 1 SYSTEMPATH\Database\MySQLi\Connection.php(292): mysqli->query('INSERT INTO `barang` (`brgkode`, `brgnama`, `brgkatid`, `brgsatid`, `brgharga`, `brgstok`, `brggambar`) VALUES (\'790\', \'Kabel LAN 20\', \'<=? $kat[\\\'katid\\\'] ?>\', \'<=? $sat[\\\'satid\\\'] ?>\', \'90000\', \'8\', \'\')', 0)
 2 SYSTEMPATH\Database\BaseConnection.php(666): CodeIgniter\Database\MySQLi\Connection->execute('INSERT INTO `barang` (`brgkode`, `brgnama`, `brgkatid`, `brgsatid`, `brgharga`, `brgstok`, `brggambar`) VALUES (\'790\', \'Kabel LAN 20\', \'<=? $kat[\\\'katid\\\'] ?>\', \'<=? $sat[\\\'satid\\\'] ?>\', \'90000\', \'8\', \'\')')
 3 SYSTEMPATH\Database\BaseConnection.php(593): CodeIgniter\Database\BaseConnection->simpleQuery('INSERT INTO `barang` (`brgkode`, `brgnama`, `brgkatid`, `brgsatid`, `brgharga`, `brgstok`, `brggambar`) VALUES (\'790\', \'Kabel LAN 20\', \'<=? $kat[\\\'katid\\\'] ?>\', \'<=? $sat[\\\'satid\\\'] ?>\', \'90000\', \'8\', \'\')')
 4 SYSTEMPATH\Database\BaseBuilder.php(1916): CodeIgniter\Database\BaseConnection->query('INSERT INTO `barang` (`brgkode`, `brgnama`, `brgkatid`, `brgsatid`, `brgharga`, `brgstok`, `brggambar`) VALUES (:brgkode:, :brgnama:, :brgkatid:, :brgsatid:, :brgharga:, :brgstok:, :brggambar:)', [...], false)
 5 SYSTEMPATH\Model.php(279): CodeIgniter\Database\BaseBuilder->insert()
 6 SYSTEMPATH\BaseModel.php(749): CodeIgniter\Model->doInsert([...])
 7 SYSTEMPATH\Model.php(667): CodeIgniter\BaseModel->insert([...], true)
 8 APPPATH\Controllers\Barang.php(129): CodeIgniter\Model->insert([...])
 9 SYSTEMPATH\CodeIgniter.php(927): App\Controllers\Barang->simpandata()
10 SYSTEMPATH\CodeIgniter.php(482): CodeIgniter\CodeIgniter->runController(Object(App\Controllers\Barang))
11 SYSTEMPATH\CodeIgniter.php(351): CodeIgniter\CodeIgniter->handleRequest(null, Object(Config\Cache), false)
12 FCPATH\index.php(67): CodeIgniter\CodeIgniter->run()
13 SYSTEMPATH\Commands\Server\rewrite.php(46): require_once('FCPATH\\index.php')
ERROR - 2022-12-14 04:48:44 --> mysqli_sql_exception: Cannot add or update a child row: a foreign key constraint fails (`dbgudang`.`barang`, CONSTRAINT `barang_brgkatid_foreign` FOREIGN KEY (`brgkatid`) REFERENCES `kategori` (`katid`)) in C:\XAMPP\htdocs\PWFAkhir\InventoriLab\system\Database\MySQLi\Connection.php:292
Stack trace:
#0 C:\XAMPP\htdocs\PWFAkhir\InventoriLab\system\Database\MySQLi\Connection.php(292): mysqli->query('INSERT INTO `ba...', 0)
#1 C:\XAMPP\htdocs\PWFAkhir\InventoriLab\system\Database\BaseConnection.php(666): CodeIgniter\Database\MySQLi\Connection->execute('INSERT INTO `ba...')
#2 C:\XAMPP\htdocs\PWFAkhir\InventoriLab\system\Database\BaseConnection.php(593): CodeIgniter\Database\BaseConnection->simpleQuery('INSERT INTO `ba...')
#3 C:\XAMPP\htdocs\PWFAkhir\InventoriLab\system\Database\BaseBuilder.php(1916): CodeIgniter\Database\BaseConnection->query('INSERT INTO `ba...', Array, false)
#4 C:\XAMPP\htdocs\PWFAkhir\InventoriLab\system\Model.php(279): CodeIgniter\Database\BaseBuilder->insert()
#5 C:\XAMPP\htdocs\PWFAkhir\InventoriLab\system\BaseModel.php(749): CodeIgniter\Model->doInsert(Array)
#6 C:\XAMPP\htdocs\PWFAkhir\InventoriLab\system\Model.php(667): CodeIgniter\BaseModel->insert(Array, true)
#7 C:\XAMPP\htdocs\PWFAkhir\InventoriLab\app\Controllers\Barang.php(129): CodeIgniter\Model->insert(Array)
#8 C:\XAMPP\htdocs\PWFAkhir\InventoriLab\system\CodeIgniter.php(927): App\Controllers\Barang->simpandata()
#9 C:\XAMPP\htdocs\PWFAkhir\InventoriLab\system\CodeIgniter.php(482): CodeIgniter\CodeIgniter->runController(Object(App\Controllers\Barang))
#10 C:\XAMPP\htdocs\PWFAkhir\InventoriLab\system\CodeIgniter.php(351): CodeIgniter\CodeIgniter->handleRequest(NULL, Object(Config\Cache), false)
#11 C:\XAMPP\htdocs\PWFAkhir\InventoriLab\public\index.php(67): CodeIgniter\CodeIgniter->run()
#12 C:\XAMPP\htdocs\PWFAkhir\InventoriLab\system\Commands\Server\rewrite.php(46): require_once('C:\\XAMPP\\htdocs...')
#13 {main}
CRITICAL - 2022-12-14 04:48:44 --> Cannot add or update a child row: a foreign key constraint fails (`dbgudang`.`barang`, CONSTRAINT `barang_brgkatid_foreign` FOREIGN KEY (`brgkatid`) REFERENCES `kategori` (`katid`))
in SYSTEMPATH\Database\MySQLi\Connection.php on line 292.
 1 SYSTEMPATH\Database\MySQLi\Connection.php(292): mysqli->query('INSERT INTO `barang` (`brgkode`, `brgnama`, `brgkatid`, `brgsatid`, `brgharga`, `brgstok`, `brggambar`) VALUES (\'790\', \'Kabel LAN 20\', \'<=? $kat[\\\'katid\\\'] ?>\', \'<=? $sat[\\\'satid\\\'] ?>\', \'90000\', \'8\', \'\')', 0)
 2 SYSTEMPATH\Database\BaseConnection.php(666): CodeIgniter\Database\MySQLi\Connection->execute('INSERT INTO `barang` (`brgkode`, `brgnama`, `brgkatid`, `brgsatid`, `brgharga`, `brgstok`, `brggambar`) VALUES (\'790\', \'Kabel LAN 20\', \'<=? $kat[\\\'katid\\\'] ?>\', \'<=? $sat[\\\'satid\\\'] ?>\', \'90000\', \'8\', \'\')')
 3 SYSTEMPATH\Database\BaseConnection.php(593): CodeIgniter\Database\BaseConnection->simpleQuery('INSERT INTO `barang` (`brgkode`, `brgnama`, `brgkatid`, `brgsatid`, `brgharga`, `brgstok`, `brggambar`) VALUES (\'790\', \'Kabel LAN 20\', \'<=? $kat[\\\'katid\\\'] ?>\', \'<=? $sat[\\\'satid\\\'] ?>\', \'90000\', \'8\', \'\')')
 4 SYSTEMPATH\Database\BaseBuilder.php(1916): CodeIgniter\Database\BaseConnection->query('INSERT INTO `barang` (`brgkode`, `brgnama`, `brgkatid`, `brgsatid`, `brgharga`, `brgstok`, `brggambar`) VALUES (:brgkode:, :brgnama:, :brgkatid:, :brgsatid:, :brgharga:, :brgstok:, :brggambar:)', [...], false)
 5 SYSTEMPATH\Model.php(279): CodeIgniter\Database\BaseBuilder->insert()
 6 SYSTEMPATH\BaseModel.php(749): CodeIgniter\Model->doInsert([...])
 7 SYSTEMPATH\Model.php(667): CodeIgniter\BaseModel->insert([...], true)
 8 APPPATH\Controllers\Barang.php(129): CodeIgniter\Model->insert([...])
 9 SYSTEMPATH\CodeIgniter.php(927): App\Controllers\Barang->simpandata()
10 SYSTEMPATH\CodeIgniter.php(482): CodeIgniter\CodeIgniter->runController(Object(App\Controllers\Barang))
11 SYSTEMPATH\CodeIgniter.php(351): CodeIgniter\CodeIgniter->handleRequest(null, Object(Config\Cache), false)
12 FCPATH\index.php(67): CodeIgniter\CodeIgniter->run()
13 SYSTEMPATH\Commands\Server\rewrite.php(46): require_once('FCPATH\\index.php')
ERROR - 2022-12-14 04:49:21 --> mysqli_sql_exception: Cannot add or update a child row: a foreign key constraint fails (`dbgudang`.`barang`, CONSTRAINT `barang_brgkatid_foreign` FOREIGN KEY (`brgkatid`) REFERENCES `kategori` (`katid`)) in C:\XAMPP\htdocs\PWFAkhir\InventoriLab\system\Database\MySQLi\Connection.php:292
Stack trace:
#0 C:\XAMPP\htdocs\PWFAkhir\InventoriLab\system\Database\MySQLi\Connection.php(292): mysqli->query('INSERT INTO `ba...', 0)
#1 C:\XAMPP\htdocs\PWFAkhir\InventoriLab\system\Database\BaseConnection.php(666): CodeIgniter\Database\MySQLi\Connection->execute('INSERT INTO `ba...')
#2 C:\XAMPP\htdocs\PWFAkhir\InventoriLab\system\Database\BaseConnection.php(593): CodeIgniter\Database\BaseConnection->simpleQuery('INSERT INTO `ba...')
#3 C:\XAMPP\htdocs\PWFAkhir\InventoriLab\system\Database\BaseBuilder.php(1916): CodeIgniter\Database\BaseConnection->query('INSERT INTO `ba...', Array, false)
#4 C:\XAMPP\htdocs\PWFAkhir\InventoriLab\system\Model.php(279): CodeIgniter\Database\BaseBuilder->insert()
#5 C:\XAMPP\htdocs\PWFAkhir\InventoriLab\system\BaseModel.php(749): CodeIgniter\Model->doInsert(Array)
#6 C:\XAMPP\htdocs\PWFAkhir\InventoriLab\system\Model.php(667): CodeIgniter\BaseModel->insert(Array, true)
#7 C:\XAMPP\htdocs\PWFAkhir\InventoriLab\app\Controllers\Barang.php(129): CodeIgniter\Model->insert(Array)
#8 C:\XAMPP\htdocs\PWFAkhir\InventoriLab\system\CodeIgniter.php(927): App\Controllers\Barang->simpandata()
#9 C:\XAMPP\htdocs\PWFAkhir\InventoriLab\system\CodeIgniter.php(482): CodeIgniter\CodeIgniter->runController(Object(App\Controllers\Barang))
#10 C:\XAMPP\htdocs\PWFAkhir\InventoriLab\system\CodeIgniter.php(351): CodeIgniter\CodeIgniter->handleRequest(NULL, Object(Config\Cache), false)
#11 C:\XAMPP\htdocs\PWFAkhir\InventoriLab\public\index.php(67): CodeIgniter\CodeIgniter->run()
#12 C:\XAMPP\htdocs\PWFAkhir\InventoriLab\system\Commands\Server\rewrite.php(46): require_once('C:\\XAMPP\\htdocs...')
#13 {main}
CRITICAL - 2022-12-14 04:49:21 --> Cannot add or update a child row: a foreign key constraint fails (`dbgudang`.`barang`, CONSTRAINT `barang_brgkatid_foreign` FOREIGN KEY (`brgkatid`) REFERENCES `kategori` (`katid`))
in SYSTEMPATH\Database\MySQLi\Connection.php on line 292.
 1 SYSTEMPATH\Database\MySQLi\Connection.php(292): mysqli->query('INSERT INTO `barang` (`brgkode`, `brgnama`, `brgkatid`, `brgsatid`, `brgharga`, `brgstok`, `brggambar`) VALUES (\'790\', \'Kabel LAN 20\', \'<=? $kat[\\\'katid\\\'] ?>\', \'<=? $sat[\\\'satid\\\'] ?>\', \'90000\', \'8\', \'\')', 0)
 2 SYSTEMPATH\Database\BaseConnection.php(666): CodeIgniter\Database\MySQLi\Connection->execute('INSERT INTO `barang` (`brgkode`, `brgnama`, `brgkatid`, `brgsatid`, `brgharga`, `brgstok`, `brggambar`) VALUES (\'790\', \'Kabel LAN 20\', \'<=? $kat[\\\'katid\\\'] ?>\', \'<=? $sat[\\\'satid\\\'] ?>\', \'90000\', \'8\', \'\')')
 3 SYSTEMPATH\Database\BaseConnection.php(593): CodeIgniter\Database\BaseConnection->simpleQuery('INSERT INTO `barang` (`brgkode`, `brgnama`, `brgkatid`, `brgsatid`, `brgharga`, `brgstok`, `brggambar`) VALUES (\'790\', \'Kabel LAN 20\', \'<=? $kat[\\\'katid\\\'] ?>\', \'<=? $sat[\\\'satid\\\'] ?>\', \'90000\', \'8\', \'\')')
 4 SYSTEMPATH\Database\BaseBuilder.php(1916): CodeIgniter\Database\BaseConnection->query('INSERT INTO `barang` (`brgkode`, `brgnama`, `brgkatid`, `brgsatid`, `brgharga`, `brgstok`, `brggambar`) VALUES (:brgkode:, :brgnama:, :brgkatid:, :brgsatid:, :brgharga:, :brgstok:, :brggambar:)', [...], false)
 5 SYSTEMPATH\Model.php(279): CodeIgniter\Database\BaseBuilder->insert()
 6 SYSTEMPATH\BaseModel.php(749): CodeIgniter\Model->doInsert([...])
 7 SYSTEMPATH\Model.php(667): CodeIgniter\BaseModel->insert([...], true)
 8 APPPATH\Controllers\Barang.php(129): CodeIgniter\Model->insert([...])
 9 SYSTEMPATH\CodeIgniter.php(927): App\Controllers\Barang->simpandata()
10 SYSTEMPATH\CodeIgniter.php(482): CodeIgniter\CodeIgniter->runController(Object(App\Controllers\Barang))
11 SYSTEMPATH\CodeIgniter.php(351): CodeIgniter\CodeIgniter->handleRequest(null, Object(Config\Cache), false)
12 FCPATH\index.php(67): CodeIgniter\CodeIgniter->run()
13 SYSTEMPATH\Commands\Server\rewrite.php(46): require_once('FCPATH\\index.php')
ERROR - 2022-12-14 04:49:46 --> mysqli_sql_exception: Cannot add or update a child row: a foreign key constraint fails (`dbgudang`.`barang`, CONSTRAINT `barang_brgkatid_foreign` FOREIGN KEY (`brgkatid`) REFERENCES `kategori` (`katid`)) in C:\XAMPP\htdocs\PWFAkhir\InventoriLab\system\Database\MySQLi\Connection.php:292
Stack trace:
#0 C:\XAMPP\htdocs\PWFAkhir\InventoriLab\system\Database\MySQLi\Connection.php(292): mysqli->query('INSERT INTO `ba...', 0)
#1 C:\XAMPP\htdocs\PWFAkhir\InventoriLab\system\Database\BaseConnection.php(666): CodeIgniter\Database\MySQLi\Connection->execute('INSERT INTO `ba...')
#2 C:\XAMPP\htdocs\PWFAkhir\InventoriLab\system\Database\BaseConnection.php(593): CodeIgniter\Database\BaseConnection->simpleQuery('INSERT INTO `ba...')
#3 C:\XAMPP\htdocs\PWFAkhir\InventoriLab\system\Database\BaseBuilder.php(1916): CodeIgniter\Database\BaseConnection->query('INSERT INTO `ba...', Array, false)
#4 C:\XAMPP\htdocs\PWFAkhir\InventoriLab\system\Model.php(279): CodeIgniter\Database\BaseBuilder->insert()
#5 C:\XAMPP\htdocs\PWFAkhir\InventoriLab\system\BaseModel.php(749): CodeIgniter\Model->doInsert(Array)
#6 C:\XAMPP\htdocs\PWFAkhir\InventoriLab\system\Model.php(667): CodeIgniter\BaseModel->insert(Array, true)
#7 C:\XAMPP\htdocs\PWFAkhir\InventoriLab\app\Controllers\Barang.php(129): CodeIgniter\Model->insert(Array)
#8 C:\XAMPP\htdocs\PWFAkhir\InventoriLab\system\CodeIgniter.php(927): App\Controllers\Barang->simpandata()
#9 C:\XAMPP\htdocs\PWFAkhir\InventoriLab\system\CodeIgniter.php(482): CodeIgniter\CodeIgniter->runController(Object(App\Controllers\Barang))
#10 C:\XAMPP\htdocs\PWFAkhir\InventoriLab\system\CodeIgniter.php(351): CodeIgniter\CodeIgniter->handleRequest(NULL, Object(Config\Cache), false)
#11 C:\XAMPP\htdocs\PWFAkhir\InventoriLab\public\index.php(67): CodeIgniter\CodeIgniter->run()
#12 C:\XAMPP\htdocs\PWFAkhir\InventoriLab\system\Commands\Server\rewrite.php(46): require_once('C:\\XAMPP\\htdocs...')
#13 {main}
CRITICAL - 2022-12-14 04:49:46 --> Cannot add or update a child row: a foreign key constraint fails (`dbgudang`.`barang`, CONSTRAINT `barang_brgkatid_foreign` FOREIGN KEY (`brgkatid`) REFERENCES `kategori` (`katid`))
in SYSTEMPATH\Database\MySQLi\Connection.php on line 292.
 1 SYSTEMPATH\Database\MySQLi\Connection.php(292): mysqli->query('INSERT INTO `barang` (`brgkode`, `brgnama`, `brgkatid`, `brgsatid`, `brgharga`, `brgstok`, `brggambar`) VALUES (\'790\', \'Kabel LAN 20\', \'<=? $kat[\\\'katid\\\'] ?>\', \'<=? $sat[\\\'satid\\\'] ?>\', \'5\', \'2\', \'\')', 0)
 2 SYSTEMPATH\Database\BaseConnection.php(666): CodeIgniter\Database\MySQLi\Connection->execute('INSERT INTO `barang` (`brgkode`, `brgnama`, `brgkatid`, `brgsatid`, `brgharga`, `brgstok`, `brggambar`) VALUES (\'790\', \'Kabel LAN 20\', \'<=? $kat[\\\'katid\\\'] ?>\', \'<=? $sat[\\\'satid\\\'] ?>\', \'5\', \'2\', \'\')')
 3 SYSTEMPATH\Database\BaseConnection.php(593): CodeIgniter\Database\BaseConnection->simpleQuery('INSERT INTO `barang` (`brgkode`, `brgnama`, `brgkatid`, `brgsatid`, `brgharga`, `brgstok`, `brggambar`) VALUES (\'790\', \'Kabel LAN 20\', \'<=? $kat[\\\'katid\\\'] ?>\', \'<=? $sat[\\\'satid\\\'] ?>\', \'5\', \'2\', \'\')')
 4 SYSTEMPATH\Database\BaseBuilder.php(1916): CodeIgniter\Database\BaseConnection->query('INSERT INTO `barang` (`brgkode`, `brgnama`, `brgkatid`, `brgsatid`, `brgharga`, `brgstok`, `brggambar`) VALUES (:brgkode:, :brgnama:, :brgkatid:, :brgsatid:, :brgharga:, :brgstok:, :brggambar:)', [...], false)
 5 SYSTEMPATH\Model.php(279): CodeIgniter\Database\BaseBuilder->insert()
 6 SYSTEMPATH\BaseModel.php(749): CodeIgniter\Model->doInsert([...])
 7 SYSTEMPATH\Model.php(667): CodeIgniter\BaseModel->insert([...], true)
 8 APPPATH\Controllers\Barang.php(129): CodeIgniter\Model->insert([...])
 9 SYSTEMPATH\CodeIgniter.php(927): App\Controllers\Barang->simpandata()
10 SYSTEMPATH\CodeIgniter.php(482): CodeIgniter\CodeIgniter->runController(Object(App\Controllers\Barang))
11 SYSTEMPATH\CodeIgniter.php(351): CodeIgniter\CodeIgniter->handleRequest(null, Object(Config\Cache), false)
12 FCPATH\index.php(67): CodeIgniter\CodeIgniter->run()
13 SYSTEMPATH\Commands\Server\rewrite.php(46): require_once('FCPATH\\index.php')
ERROR - 2022-12-14 15:46:23 --> Error connecting to the database: mysqli_sql_exception: No connection could be made because the target machine actively refused it in C:\XAMPP\htdocs\PWFAkhir\InventoriLab\system\Database\MySQLi\Connection.php:171
Stack trace:
#0 C:\XAMPP\htdocs\PWFAkhir\InventoriLab\system\Database\MySQLi\Connection.php(171): mysqli->real_connect('localhost', 'root', '', 'dbgudang', 3306, '', 0)
#1 C:\XAMPP\htdocs\PWFAkhir\InventoriLab\system\Database\BaseConnection.php(382): CodeIgniter\Database\MySQLi\Connection->connect(false)
#2 C:\XAMPP\htdocs\PWFAkhir\InventoriLab\system\Database\BaseConnection.php(561): CodeIgniter\Database\BaseConnection->initialize()
#3 C:\XAMPP\htdocs\PWFAkhir\InventoriLab\system\Database\BaseBuilder.php(1669): CodeIgniter\Database\BaseConnection->query('SELECT COUNT(*)...', Array, false)
#4 C:\XAMPP\htdocs\PWFAkhir\InventoriLab\system\Model.php(551): CodeIgniter\Database\BaseBuilder->countAllResults(false)
#5 C:\XAMPP\htdocs\PWFAkhir\InventoriLab\system\BaseModel.php(1106): CodeIgniter\Model->countAllResults(false)
#6 C:\XAMPP\htdocs\PWFAkhir\InventoriLab\app\Controllers\Kategori.php(24): CodeIgniter\BaseModel->paginate(5, 'kategori')
#7 C:\XAMPP\htdocs\PWFAkhir\InventoriLab\system\CodeIgniter.php(927): App\Controllers\Kategori->index()
#8 C:\XAMPP\htdocs\PWFAkhir\InventoriLab\system\CodeIgniter.php(482): CodeIgniter\CodeIgniter->runController(Object(App\Controllers\Kategori))
#9 C:\XAMPP\htdocs\PWFAkhir\InventoriLab\system\CodeIgniter.php(351): CodeIgniter\CodeIgniter->handleRequest(NULL, Object(Config\Cache), false)
#10 C:\XAMPP\htdocs\PWFAkhir\InventoriLab\public\index.php(67): CodeIgniter\CodeIgniter->run()
#11 C:\XAMPP\htdocs\PWFAkhir\InventoriLab\system\Commands\Server\rewrite.php(46): require_once('C:\\XAMPP\\htdocs...')
#12 {main}

Next CodeIgniter\Database\Exceptions\DatabaseException: No connection could be made because the target machine actively refused it in C:\XAMPP\htdocs\PWFAkhir\InventoriLab\system\Database\MySQLi\Connection.php:215
Stack trace:
#0 C:\XAMPP\htdocs\PWFAkhir\InventoriLab\system\Database\BaseConnection.php(382): CodeIgniter\Database\MySQLi\Connection->connect(false)
#1 C:\XAMPP\htdocs\PWFAkhir\InventoriLab\system\Database\BaseConnection.php(561): CodeIgniter\Database\BaseConnection->initialize()
#2 C:\XAMPP\htdocs\PWFAkhir\InventoriLab\system\Database\BaseBuilder.php(1669): CodeIgniter\Database\BaseConnection->query('SELECT COUNT(*)...', Array, false)
#3 C:\XAMPP\htdocs\PWFAkhir\InventoriLab\system\Model.php(551): CodeIgniter\Database\BaseBuilder->countAllResults(false)
#4 C:\XAMPP\htdocs\PWFAkhir\InventoriLab\system\BaseModel.php(1106): CodeIgniter\Model->countAllResults(false)
#5 C:\XAMPP\htdocs\PWFAkhir\InventoriLab\app\Controllers\Kategori.php(24): CodeIgniter\BaseModel->paginate(5, 'kategori')
#6 C:\XAMPP\htdocs\PWFAkhir\InventoriLab\system\CodeIgniter.php(927): App\Controllers\Kategori->index()
#7 C:\XAMPP\htdocs\PWFAkhir\InventoriLab\system\CodeIgniter.php(482): CodeIgniter\CodeIgniter->runController(Object(App\Controllers\Kategori))
#8 C:\XAMPP\htdocs\PWFAkhir\InventoriLab\system\CodeIgniter.php(351): CodeIgniter\CodeIgniter->handleRequest(NULL, Object(Config\Cache), false)
#9 C:\XAMPP\htdocs\PWFAkhir\InventoriLab\public\index.php(67): CodeIgniter\CodeIgniter->run()
#10 C:\XAMPP\htdocs\PWFAkhir\InventoriLab\system\Commands\Server\rewrite.php(46): require_once('C:\\XAMPP\\htdocs...')
#11 {main}
CRITICAL - 2022-12-14 15:46:23 --> Unable to connect to the database.
Main connection [MySQLi]: No connection could be made because the target machine actively refused it
in SYSTEMPATH\Database\BaseConnection.php on line 418.
 1 SYSTEMPATH\Database\BaseConnection.php(561): CodeIgniter\Database\BaseConnection->initialize()
 2 SYSTEMPATH\Database\BaseBuilder.php(1669): CodeIgniter\Database\BaseConnection->query('SELECT COUNT(*) AS `numrows`
FROM `kategori`', [], false)
 3 SYSTEMPATH\Model.php(551): CodeIgniter\Database\BaseBuilder->countAllResults(false)
 4 SYSTEMPATH\BaseModel.php(1106): CodeIgniter\Model->countAllResults(false)
 5 APPPATH\Controllers\Kategori.php(24): CodeIgniter\BaseModel->paginate(5, 'kategori')
 6 SYSTEMPATH\CodeIgniter.php(927): App\Controllers\Kategori->index()
 7 SYSTEMPATH\CodeIgniter.php(482): CodeIgniter\CodeIgniter->runController(Object(App\Controllers\Kategori))
 8 SYSTEMPATH\CodeIgniter.php(351): CodeIgniter\CodeIgniter->handleRequest(null, Object(Config\Cache), false)
 9 FCPATH\index.php(67): CodeIgniter\CodeIgniter->run()
10 SYSTEMPATH\Commands\Server\rewrite.php(46): require_once('FCPATH\\index.php')
ERROR - 2022-12-14 15:49:16 --> mysqli_sql_exception: Cannot add or update a child row: a foreign key constraint fails (`dbgudang`.`barang`, CONSTRAINT `barang_brgkatid_foreign` FOREIGN KEY (`brgkatid`) REFERENCES `kategori` (`katid`)) in C:\XAMPP\htdocs\PWFAkhir\InventoriLab\system\Database\MySQLi\Connection.php:292
Stack trace:
#0 C:\XAMPP\htdocs\PWFAkhir\InventoriLab\system\Database\MySQLi\Connection.php(292): mysqli->query('INSERT INTO `ba...', 0)
#1 C:\XAMPP\htdocs\PWFAkhir\InventoriLab\system\Database\BaseConnection.php(666): CodeIgniter\Database\MySQLi\Connection->execute('INSERT INTO `ba...')
#2 C:\XAMPP\htdocs\PWFAkhir\InventoriLab\system\Database\BaseConnection.php(593): CodeIgniter\Database\BaseConnection->simpleQuery('INSERT INTO `ba...')
#3 C:\XAMPP\htdocs\PWFAkhir\InventoriLab\system\Database\BaseBuilder.php(1916): CodeIgniter\Database\BaseConnection->query('INSERT INTO `ba...', Array, false)
#4 C:\XAMPP\htdocs\PWFAkhir\InventoriLab\system\Model.php(279): CodeIgniter\Database\BaseBuilder->insert()
#5 C:\XAMPP\htdocs\PWFAkhir\InventoriLab\system\BaseModel.php(749): CodeIgniter\Model->doInsert(Array)
#6 C:\XAMPP\htdocs\PWFAkhir\InventoriLab\system\Model.php(667): CodeIgniter\BaseModel->insert(Array, true)
#7 C:\XAMPP\htdocs\PWFAkhir\InventoriLab\app\Controllers\Barang.php(129): CodeIgniter\Model->insert(Array)
#8 C:\XAMPP\htdocs\PWFAkhir\InventoriLab\system\CodeIgniter.php(927): App\Controllers\Barang->simpandata()
#9 C:\XAMPP\htdocs\PWFAkhir\InventoriLab\system\CodeIgniter.php(482): CodeIgniter\CodeIgniter->runController(Object(App\Controllers\Barang))
#10 C:\XAMPP\htdocs\PWFAkhir\InventoriLab\system\CodeIgniter.php(351): CodeIgniter\CodeIgniter->handleRequest(NULL, Object(Config\Cache), false)
#11 C:\XAMPP\htdocs\PWFAkhir\InventoriLab\public\index.php(67): CodeIgniter\CodeIgniter->run()
#12 C:\XAMPP\htdocs\PWFAkhir\InventoriLab\system\Commands\Server\rewrite.php(46): require_once('C:\\XAMPP\\htdocs...')
#13 {main}
CRITICAL - 2022-12-14 15:49:16 --> Cannot add or update a child row: a foreign key constraint fails (`dbgudang`.`barang`, CONSTRAINT `barang_brgkatid_foreign` FOREIGN KEY (`brgkatid`) REFERENCES `kategori` (`katid`))
in SYSTEMPATH\Database\MySQLi\Connection.php on line 292.
 1 SYSTEMPATH\Database\MySQLi\Connection.php(292): mysqli->query('INSERT INTO `barang` (`brgkode`, `brgnama`, `brgkatid`, `brgsatid`, `brgharga`, `brgstok`, `brggambar`) VALUES (\'3425252401\', \'Kabel LAN 22\', \'<=? $kat[\\\'katid\\\'] ?>\', \'<=? $sat[\\\'satid\\\'] ?>\', \'90000\', \'2\', \'\')', 0)
 2 SYSTEMPATH\Database\BaseConnection.php(666): CodeIgniter\Database\MySQLi\Connection->execute('INSERT INTO `barang` (`brgkode`, `brgnama`, `brgkatid`, `brgsatid`, `brgharga`, `brgstok`, `brggambar`) VALUES (\'3425252401\', \'Kabel LAN 22\', \'<=? $kat[\\\'katid\\\'] ?>\', \'<=? $sat[\\\'satid\\\'] ?>\', \'90000\', \'2\', \'\')')
 3 SYSTEMPATH\Database\BaseConnection.php(593): CodeIgniter\Database\BaseConnection->simpleQuery('INSERT INTO `barang` (`brgkode`, `brgnama`, `brgkatid`, `brgsatid`, `brgharga`, `brgstok`, `brggambar`) VALUES (\'3425252401\', \'Kabel LAN 22\', \'<=? $kat[\\\'katid\\\'] ?>\', \'<=? $sat[\\\'satid\\\'] ?>\', \'90000\', \'2\', \'\')')
 4 SYSTEMPATH\Database\BaseBuilder.php(1916): CodeIgniter\Database\BaseConnection->query('INSERT INTO `barang` (`brgkode`, `brgnama`, `brgkatid`, `brgsatid`, `brgharga`, `brgstok`, `brggambar`) VALUES (:brgkode:, :brgnama:, :brgkatid:, :brgsatid:, :brgharga:, :brgstok:, :brggambar:)', [...], false)
 5 SYSTEMPATH\Model.php(279): CodeIgniter\Database\BaseBuilder->insert()
 6 SYSTEMPATH\BaseModel.php(749): CodeIgniter\Model->doInsert([...])
 7 SYSTEMPATH\Model.php(667): CodeIgniter\BaseModel->insert([...], true)
 8 APPPATH\Controllers\Barang.php(129): CodeIgniter\Model->insert([...])
 9 SYSTEMPATH\CodeIgniter.php(927): App\Controllers\Barang->simpandata()
10 SYSTEMPATH\CodeIgniter.php(482): CodeIgniter\CodeIgniter->runController(Object(App\Controllers\Barang))
11 SYSTEMPATH\CodeIgniter.php(351): CodeIgniter\CodeIgniter->handleRequest(null, Object(Config\Cache), false)
12 FCPATH\index.php(67): CodeIgniter\CodeIgniter->run()
13 SYSTEMPATH\Commands\Server\rewrite.php(46): require_once('FCPATH\\index.php')
